<?xml version="1.0" encoding="UTF-8"?>
<!-- Generated by org.testng.reporters.JUnitXMLReporter -->
<testsuite ignored="1" hostname="DESKTOP-OE45J9V" failures="0" tests="1" name="Test" time="8.539" errors="0" timestamp="2021-12-27T14:42:47 IST">
  <testcase classname="com.crm.AutoDesk.CreateOrgTest" name="demoTest" time="0.007"/>
  <testcase classname="com.crm.AutoDesk.CreateOrgTest" name="createOrgTest" time="0.0">
    <ignored/>
  </testcase> <!-- createOrgTest -->
</testsuite> <!-- Test -->
