<?xml version="1.0" encoding="UTF-8"?>
<!-- Generated by org.testng.reporters.JUnitXMLReporter -->
<testsuite ignored="2" hostname="DESKTOP-OE45J9V" failures="0" tests="3" name="TestRunner-Chrome" time="35.462" errors="0" timestamp="2021-12-27T15:08:42 IST">
  <testcase classname="com.crm.AutoDesk.CreateOrgTest" name="createOrgTest" time="8.907"/>
  <testcase classname="com.crm.AutoDesk.CreateOrgTest" name="demoTest" time="0.001"/>
  <testcase classname="com.crm.AutoDesk.CreateOrgWithIndustryAndType" name="createOrgWithIndusTest" time="9.124"/>
  <testcase classname="com.crm.autodesk.genericutility.BaseClass" name="@AfterSuite closeDBConnection" time="0.0">
    <ignored/>
  </testcase> <!-- @AfterSuite closeDBConnection -->
  <testcase classname="com.crm.autodesk.genericutility.BaseClass" name="@BeforeSuite dbConnect" time="0.0">
    <ignored/>
  </testcase> <!-- @BeforeSuite dbConnect -->
</testsuite> <!-- TestRunner-Chrome -->
